[INFO ] 2023-09-05 09:41:30.884 [main] ReportManager - 
[0;7m------------------------------------------------------------------------------------------------------------------------------------------------
                                                        Powered by [1m7.3.20230804[22m                                                        
------------------------------------------------------------------------------------------------------------------------------------------------
[0m
[INFO ] 2023-09-05 09:41:34.187 [main] ReportManager - Loaded OpenCV "opencv_java470".
[INFO ] 2023-09-05 09:41:34.187 [main] ReportManager - Initializing Allure Reporting Environment...
[INFO ] 2023-09-05 09:41:34.296 [main] ReportManager - Initializing Extent Reporting Environment...
[INFO ] 2023-09-05 09:41:34.741 [main] ReportManager - Initializing Summary Reporting Environment...
[INFO ] 2023-09-05 09:41:34.918 [main] Utils - [TestNG] Running:
  C:\Users\usama\AppData\Local\JetBrains\IdeaIC2023.1\temp-testng-customsuite.xml

[INFO ] 2023-09-05 09:41:34.946 [main] ReportManager - 
[0;7m------------------------------------------------------------------------------------------------------------------------------------------------
                                             Starting execution of suite setup configuration method                                             
                                          'com.shaft.listeners.internal.ConfigurationHelper.suiteSetup'                                          
------------------------------------------------------------------------------------------------------------------------------------------------
[0m
[INFO ] 2023-09-05 09:41:35.048 [main] ReportManager - Initializing Important Links...
[INFO ] 2023-09-05 09:41:35.057 [main] ReportManager - Initializing Properties...
[INFO ] 2023-09-05 09:41:35.194 [TestNG-test=LambadaEcommerce-FluentDesign-1] ReportManager - 
[0;7m------------------------------------------------------------------------------------------------------------------------------------------------
                                                Starting execution of set up configuration method                                                
                                                         'tests.RegisterUserTests.setUp'                                                         
------------------------------------------------------------------------------------------------------------------------------------------------
[0m
[INFO ] 2023-09-05 09:41:35.230 [TestNG-test=LambadaEcommerce-FluentDesign-1] ReportManager - Setting "targetOperatingSystem" property with "windows".
[INFO ] 2023-09-05 09:41:35.247 [TestNG-test=LambadaEcommerce-FluentDesign-1] ReportManager - Capabilities {acceptInsecureCerts: true, browserName: chrome, goog:chromeOptions: {args: [--start-maximized, --remote-allow-origins=*, --enable-automation, --disable-background-timer-..., --disable-backgrounding-occ..., --disable-features=Calculat..., --disable-hang-monitor, --disable-domain-reliability, --disable-renderer-backgrou..., --disable-features=Autofill..., --metrics-recording-only, --no-first-run, --no-default-browser-check, --silent-debugger-extension..., --disable-extensions, --disable-component-extensi..., --disable-dev-shm-usage, --disable-features=MediaRouter, --disable-features=Translate, --disable-ipc-flooding-prot..., --disable-background-networ..., --mute-audio, --disable-breakpad, --ignore-certificate-errors, --disable-device-discovery-..., --force-color-profile=srgb, --hide-scrollbars, --host-resolver-rules, --no-pings, --disable-features=AvoidUnn..., --disable-features=Certific..., --disable-sync, --disable-features=Optimiza..., --disable-features=DialMedi..., --disable-features=GlobalMe..., --disable-features=Improved..., --disable-features=LazyFram..., --disable-field-trial-config, --enable-features=NetworkSe..., --enable-features=NetworkSe..., --enable-use-zoom-for-dsf, --log-net-log, --net-log-capture-mode, --disable-client-side-phish..., --disable-default-apps, --disable-features=Interest...], extensions: [], prefs: {download.default_directory: C:\Users\usama\IdeaProjects..., download.prompt_for_download: false, profile.default_content_settings.popups: 0}}, pageLoadStrategy: none, timeouts: {pageLoad: 60000, script: 30000}, unhandledPromptBehavior: accept and notify}
[INFO ] 2023-09-05 09:41:35.249 [TestNG-test=LambadaEcommerce-FluentDesign-1] ReportManager - Attempting to run locally on: "windows | Chrome".
[INFO ] 2023-09-05 09:41:35.252 [TestNG-test=LambadaEcommerce-FluentDesign-1] ReportManager - Identifying OS/Driver combination and selecting the correct driver version automatically. Please note that if a new driver executable will be downloaded it may take some time...
[DEBUG] 2023-09-05 09:41:35.624 [TestNG-test=LambadaEcommerce-FluentDesign-1] ResolutionCache - Resolution chrome=116 in cache (valid until 10:30:56 05/09/2023 EET)
[DEBUG] 2023-09-05 09:41:35.625 [TestNG-test=LambadaEcommerce-FluentDesign-1] ResolutionCache - Resolution chrome116=116.0.5845.96 in cache (valid until 08:29:58 06/09/2023 EET)
[INFO ] 2023-09-05 09:41:35.626 [TestNG-test=LambadaEcommerce-FluentDesign-1] WebDriverManager - Using chromedriver 116.0.5845.96 (resolved driver for Chrome 116)
[DEBUG] 2023-09-05 09:41:35.638 [TestNG-test=LambadaEcommerce-FluentDesign-1] WebDriverManager - Driver chromedriver 116.0.5845.96 found in cache
[INFO ] 2023-09-05 09:41:35.639 [TestNG-test=LambadaEcommerce-FluentDesign-1] WebDriverManager - Exporting webdriver.chrome.driver as C:\Users\usama\.cache\selenium\chromedriver\win64\116.0.5845.96\chromedriver.exe
[WARN ] 2023-09-05 09:41:37.158 [TestNG-test=LambadaEcommerce-FluentDesign-1] ReportManager - Sep 05, 2023 9:41:37 AM org.openqa.selenium.devtools.CdpVersionFinder findNearestMatch
[WARN ] 2023-09-05 09:41:37.158 [TestNG-test=LambadaEcommerce-FluentDesign-1] ReportManager - WARNING: Unable to find an exact match for CDP version 116, so returning the closest version found: 115
[INFO ] 2023-09-05 09:41:37.170 [TestNG-test=LambadaEcommerce-FluentDesign-1] ReportManager - Successfully Opened: "windows | Chrome".
[INFO ] 2023-09-05 09:41:37.181 [TestNG-test=LambadaEcommerce-FluentDesign-1] ReportManager - File Action "DoesFileExist" successfully performed. With the following test data "File Path: "RegisterUserTestData.json"".
[INFO ] 2023-09-05 09:41:37.182 [TestNG-test=LambadaEcommerce-FluentDesign-1] ReportManager - File Action "DoesFileExist" successfully performed. With the following test data "File Path: "src/test/resources/testDataFiles/RegisterUserTestData.json"".
[INFO ] 2023-09-05 09:41:37.183 [TestNG-test=LambadaEcommerce-FluentDesign-1] ReportManager - File Action "GetAbsolutePath" successfully performed. With the following test data "Relative Folder Path: "src/test/resources/testDataFiles/RegisterUserTestData.json"".
[INFO ] 2023-09-05 09:41:37.198 [TestNG-test=LambadaEcommerce-FluentDesign-1] ReportManager - Successfully created attachment 'Test Data - JSON'
[INFO ] 2023-09-05 09:41:37.365 [TestNG-test=LambadaEcommerce-FluentDesign-1] ReportManager - 
[0;7m------------------------------------------------------------------------------------------------------------------------------------------------
                                        Starting Execution: '1 out of 2' test cases in the current suite                                        
                                         Test Method: 'tests.RegisterUserTests.VerifyRegisteringNewUser'                                         
                                                 Test Description: 'Verify registering new user'                                                 
------------------------------------------------------------------------------------------------------------------------------------------------
[0m
[INFO ] 2023-09-05 09:41:37.379 [TestNG-test=LambadaEcommerce-FluentDesign-1] ReportManager - File Action "DoesFileExist" successfully performed. With the following test data "File Path: "src/test/resources/testDataFiles/RegisterUserTestData.json"".
[INFO ] 2023-09-05 09:41:37.380 [TestNG-test=LambadaEcommerce-FluentDesign-1] ReportManager - File Action "GetAbsolutePath" successfully performed. With the following test data "Relative Folder Path: "src/test/resources/testDataFiles/RegisterUserTestData.json"".
[INFO ] 2023-09-05 09:41:38.897 [TestNG-test=LambadaEcommerce-FluentDesign-1] ReportManager - File Action "DoesFileExist" successfully performed. With the following test data "File Path: "src/test/resources/testDataFiles/RegisterUserTestData.json"".
[INFO ] 2023-09-05 09:41:38.898 [TestNG-test=LambadaEcommerce-FluentDesign-1] ReportManager - File Action "GetAbsolutePath" successfully performed. With the following test data "Relative Folder Path: "src/test/resources/testDataFiles/RegisterUserTestData.json"".
[INFO ] 2023-09-05 09:41:38.977 [TestNG-test=LambadaEcommerce-FluentDesign-1] ReportManager - Target URL: "https://ecommerce-playground.lambdatest.io/index.php?route=account/register"
[INFO ] 2023-09-05 09:41:39.003 [TestNG-test=LambadaEcommerce-FluentDesign-1] ReportManager - Initial URL: "data:,"
[INFO ] 2023-09-05 09:41:42.179 [TestNG-test=LambadaEcommerce-FluentDesign-1] ReportManager - Navigate to url "https://ecommerce-playground.lambdatest.io/index.php?route=account/register".
[INFO ] 2023-09-05 09:41:42.181 [TestNG-test=LambadaEcommerce-FluentDesign-1] ReportManager - File Action "DoesFileExist" successfully performed. With the following test data "File Path: "src/test/resources/testDataFiles/RegisterUserTestData.json"".
[INFO ] 2023-09-05 09:41:42.181 [TestNG-test=LambadaEcommerce-FluentDesign-1] ReportManager - File Action "GetAbsolutePath" successfully performed. With the following test data "Relative Folder Path: "src/test/resources/testDataFiles/RegisterUserTestData.json"".
[INFO ] 2023-09-05 09:41:42.416 [TestNG-test=LambadaEcommerce-FluentDesign-1] ReportManager - Type "Mohamed" into "First Name".
[INFO ] 2023-09-05 09:41:42.417 [TestNG-test=LambadaEcommerce-FluentDesign-1] ReportManager - File Action "DoesFileExist" successfully performed. With the following test data "File Path: "src/test/resources/testDataFiles/RegisterUserTestData.json"".
[INFO ] 2023-09-05 09:41:42.418 [TestNG-test=LambadaEcommerce-FluentDesign-1] ReportManager - File Action "GetAbsolutePath" successfully performed. With the following test data "Relative Folder Path: "src/test/resources/testDataFiles/RegisterUserTestData.json"".
[INFO ] 2023-09-05 09:41:42.576 [TestNG-test=LambadaEcommerce-FluentDesign-1] ReportManager - Type "Ahmed" into "Last Name*".
[INFO ] 2023-09-05 09:41:42.733 [TestNG-test=LambadaEcommerce-FluentDesign-1] ReportManager - Type "johnDoe05092023094134850@gmail.com" into "E-Mail*".
[INFO ] 2023-09-05 09:41:42.734 [TestNG-test=LambadaEcommerce-FluentDesign-1] ReportManager - File Action "DoesFileExist" successfully performed. With the following test data "File Path: "src/test/resources/testDataFiles/RegisterUserTestData.json"".
[INFO ] 2023-09-05 09:41:42.734 [TestNG-test=LambadaEcommerce-FluentDesign-1] ReportManager - File Action "GetAbsolutePath" successfully performed. With the following test data "Relative Folder Path: "src/test/resources/testDataFiles/RegisterUserTestData.json"".
[INFO ] 2023-09-05 09:41:42.883 [TestNG-test=LambadaEcommerce-FluentDesign-1] ReportManager - Type "01129345877" into "Telephone*".
[INFO ] 2023-09-05 09:41:42.885 [TestNG-test=LambadaEcommerce-FluentDesign-1] ReportManager - File Action "DoesFileExist" successfully performed. With the following test data "File Path: "src/test/resources/testDataFiles/RegisterUserTestData.json"".
[INFO ] 2023-09-05 09:41:42.885 [TestNG-test=LambadaEcommerce-FluentDesign-1] ReportManager - File Action "GetAbsolutePath" successfully performed. With the following test data "Relative Folder Path: "src/test/resources/testDataFiles/RegisterUserTestData.json"".
[INFO ] 2023-09-05 09:41:43.046 [TestNG-test=LambadaEcommerce-FluentDesign-1] ReportManager - Type "tester123" into "Password*".
[INFO ] 2023-09-05 09:41:43.047 [TestNG-test=LambadaEcommerce-FluentDesign-1] ReportManager - File Action "DoesFileExist" successfully performed. With the following test data "File Path: "src/test/resources/testDataFiles/RegisterUserTestData.json"".
[INFO ] 2023-09-05 09:41:43.047 [TestNG-test=LambadaEcommerce-FluentDesign-1] ReportManager - File Action "GetAbsolutePath" successfully performed. With the following test data "Relative Folder Path: "src/test/resources/testDataFiles/RegisterUserTestData.json"".
[INFO ] 2023-09-05 09:41:43.194 [TestNG-test=LambadaEcommerce-FluentDesign-1] ReportManager - Type "tester123" into "Password Confirm*".
[INFO ] 2023-09-05 09:41:43.413 [TestNG-test=LambadaEcommerce-FluentDesign-1] ReportManager - Moved the mouse to the middle of the element.
[INFO ] 2023-09-05 09:41:43.488 [TestNG-test=LambadaEcommerce-FluentDesign-1] ReportManager - Click "By.xpath: //label[@for = 'input-newsletter-yes']".
[INFO ] 2023-09-05 09:41:43.693 [TestNG-test=LambadaEcommerce-FluentDesign-1] ReportManager - Moved the mouse to the middle of the element.
[INFO ] 2023-09-05 09:41:43.726 [TestNG-test=LambadaEcommerce-FluentDesign-1] ReportManager - Click "By.xpath: //label[@for = 'input-agree']".
[INFO ] 2023-09-05 09:41:43.927 [TestNG-test=LambadaEcommerce-FluentDesign-1] ReportManager - Moved the mouse to the middle of the element.
[INFO ] 2023-09-05 09:41:43.975 [TestNG-test=LambadaEcommerce-FluentDesign-1] ReportManager - Click "Continue".
[INFO ] 2023-09-05 09:41:43.986 [TestNG-test=LambadaEcommerce-FluentDesign-1] ReportManager - File Action "DoesFileExist" successfully performed. With the following test data "File Path: "src/test/resources/testDataFiles/RegisterUserTestData.json"".
[INFO ] 2023-09-05 09:41:43.987 [TestNG-test=LambadaEcommerce-FluentDesign-1] ReportManager - File Action "GetAbsolutePath" successfully performed. With the following test data "Relative Folder Path: "src/test/resources/testDataFiles/RegisterUserTestData.json"".
[INFO ] 2023-09-05 09:41:45.858 [TestNG-test=LambadaEcommerce-FluentDesign-1] ReportManager - Get text "Your Account Has Been Created!" from "ÔÅò Your Account Has Been Created!".
[INFO ] 2023-09-05 09:41:45.859 [TestNG-test=LambadaEcommerce-FluentDesign-1] ReportManager - Expected "Account Has Been Created", and actual "Your Account Has Been Created!"
[INFO ] 2023-09-05 09:41:47.005 [TestNG-test=LambadaEcommerce-FluentDesign-1] ReportManager - Verification "ValidateElementAttribute" PASSED. Expected "Value Should be 'Account Has Been Created' for the 'text' attribute, element locator 'By.className: page-title'" and Actual "Your Account Has Been Created!". Comparison Type "CONTAINS". Validation Type "POSITIVE".
[INFO ] 2023-09-05 09:41:47.030 [TestNG-test=LambadaEcommerce-FluentDesign-1] ReportManager - Successfully created attachment 'Screenshot - 1693899706352_VerifyRegisteringNewUser_ValidateElementAttribute_passed'
[INFO ] 2023-09-05 09:41:47.036 [TestNG-test=LambadaEcommerce-FluentDesign-1] ReportManager - Successfully created attachment 'SHAFT Engine Logs - Current Method log: setUp'
[INFO ] 2023-09-05 09:41:47.039 [TestNG-test=LambadaEcommerce-FluentDesign-1] ReportManager - Successfully created attachment 'SHAFT Engine Logs - Current Method log: VerifyRegisteringNewUser'
[INFO ] 2023-09-05 09:41:47.050 [TestNG-test=LambadaEcommerce-FluentDesign-1] ReportManager - 
[0;7m------------------------------------------------------------------------------------------------------------------------------------------------
                                              Starting execution of tear down configuration method                                              
                                                       'tests.RegisterUserTests.tearDown'                                                       
------------------------------------------------------------------------------------------------------------------------------------------------
[0m
[INFO ] 2023-09-05 09:41:47.829 [TestNG-test=LambadaEcommerce-FluentDesign-1] ReportManager - Successfully Closed Driver.
[ERROR] 2023-09-05 09:41:47.832 [TestNG-test=LambadaEcommerce-FluentDesign-1] AllureLifecycle - Could not add attachment: no test is running
[INFO ] 2023-09-05 09:41:47.833 [TestNG-test=LambadaEcommerce-FluentDesign-1] ReportManager - Successfully created attachment 'SHAFT Engine Logs - Current Method log: tearDown'
[INFO ] 2023-09-05 09:41:47.836 [TestNG-test=LambadaEcommerce-FluentDesign-2] ReportManager - 
[0;7m------------------------------------------------------------------------------------------------------------------------------------------------
                                                Starting execution of set up configuration method                                                
                                                         'tests.RegisterUserTests.setUp'                                                         
------------------------------------------------------------------------------------------------------------------------------------------------
[0m
[INFO ] 2023-09-05 09:41:47.839 [TestNG-test=LambadaEcommerce-FluentDesign-2] ReportManager - Setting "targetOperatingSystem" property with "windows".
[INFO ] 2023-09-05 09:41:47.841 [TestNG-test=LambadaEcommerce-FluentDesign-2] ReportManager - Capabilities {acceptInsecureCerts: true, browserName: chrome, goog:chromeOptions: {args: [--start-maximized, --remote-allow-origins=*, --enable-automation, --disable-background-timer-..., --disable-backgrounding-occ..., --disable-features=Calculat..., --disable-hang-monitor, --disable-domain-reliability, --disable-renderer-backgrou..., --disable-features=Autofill..., --metrics-recording-only, --no-first-run, --no-default-browser-check, --silent-debugger-extension..., --disable-extensions, --disable-component-extensi..., --disable-dev-shm-usage, --disable-features=MediaRouter, --disable-features=Translate, --disable-ipc-flooding-prot..., --disable-background-networ..., --mute-audio, --disable-breakpad, --ignore-certificate-errors, --disable-device-discovery-..., --force-color-profile=srgb, --hide-scrollbars, --host-resolver-rules, --no-pings, --disable-features=AvoidUnn..., --disable-features=Certific..., --disable-sync, --disable-features=Optimiza..., --disable-features=DialMedi..., --disable-features=GlobalMe..., --disable-features=Improved..., --disable-features=LazyFram..., --disable-field-trial-config, --enable-features=NetworkSe..., --enable-features=NetworkSe..., --enable-use-zoom-for-dsf, --log-net-log, --net-log-capture-mode, --disable-client-side-phish..., --disable-default-apps, --disable-features=Interest...], extensions: [], prefs: {download.default_directory: C:\Users\usama\IdeaProjects..., download.prompt_for_download: false, profile.default_content_settings.popups: 0}}, pageLoadStrategy: none, timeouts: {pageLoad: 60000, script: 30000}, unhandledPromptBehavior: accept and notify}
[INFO ] 2023-09-05 09:41:47.841 [TestNG-test=LambadaEcommerce-FluentDesign-2] ReportManager - Attempting to run locally on: "windows | Chrome".
[INFO ] 2023-09-05 09:41:47.842 [TestNG-test=LambadaEcommerce-FluentDesign-2] ReportManager - Identifying OS/Driver combination and selecting the correct driver version automatically. Please note that if a new driver executable will be downloaded it may take some time...
[DEBUG] 2023-09-05 09:41:47.854 [TestNG-test=LambadaEcommerce-FluentDesign-2] ResolutionCache - Resolution chrome=116 in cache (valid until 10:30:56 05/09/2023 EET)
[DEBUG] 2023-09-05 09:41:47.854 [TestNG-test=LambadaEcommerce-FluentDesign-2] ResolutionCache - Resolution chrome116=116.0.5845.96 in cache (valid until 08:29:58 06/09/2023 EET)
[INFO ] 2023-09-05 09:41:47.855 [TestNG-test=LambadaEcommerce-FluentDesign-2] WebDriverManager - Using chromedriver 116.0.5845.96 (resolved driver for Chrome 116)
[DEBUG] 2023-09-05 09:41:47.862 [TestNG-test=LambadaEcommerce-FluentDesign-2] WebDriverManager - Driver chromedriver 116.0.5845.96 found in cache
[INFO ] 2023-09-05 09:41:47.862 [TestNG-test=LambadaEcommerce-FluentDesign-2] WebDriverManager - Exporting webdriver.chrome.driver as C:\Users\usama\.cache\selenium\chromedriver\win64\116.0.5845.96\chromedriver.exe
[WARN ] 2023-09-05 09:41:49.235 [TestNG-test=LambadaEcommerce-FluentDesign-2] ReportManager - Sep 05, 2023 9:41:49 AM org.openqa.selenium.devtools.CdpVersionFinder findNearestMatch
[WARN ] 2023-09-05 09:41:49.235 [TestNG-test=LambadaEcommerce-FluentDesign-2] ReportManager - WARNING: Unable to find an exact match for CDP version 116, so returning the closest version found: 115
[INFO ] 2023-09-05 09:41:49.236 [TestNG-test=LambadaEcommerce-FluentDesign-2] ReportManager - Successfully Opened: "windows | Chrome".
[INFO ] 2023-09-05 09:41:49.238 [TestNG-test=LambadaEcommerce-FluentDesign-2] ReportManager - File Action "DoesFileExist" successfully performed. With the following test data "File Path: "RegisterUserTestData.json"".
[INFO ] 2023-09-05 09:41:49.238 [TestNG-test=LambadaEcommerce-FluentDesign-2] ReportManager - File Action "DoesFileExist" successfully performed. With the following test data "File Path: "src/test/resources/testDataFiles/RegisterUserTestData.json"".
[INFO ] 2023-09-05 09:41:49.239 [TestNG-test=LambadaEcommerce-FluentDesign-2] ReportManager - File Action "GetAbsolutePath" successfully performed. With the following test data "Relative Folder Path: "src/test/resources/testDataFiles/RegisterUserTestData.json"".
[INFO ] 2023-09-05 09:41:49.241 [TestNG-test=LambadaEcommerce-FluentDesign-2] ReportManager - Successfully created attachment 'Test Data - JSON'
[INFO ] 2023-09-05 09:41:49.246 [TestNG-test=LambadaEcommerce-FluentDesign-2] ReportManager - 
[0;7m------------------------------------------------------------------------------------------------------------------------------------------------
                                        Starting Execution: '2 out of 2' test cases in the current suite                                        
                                      Test Method: 'tests.RegisterUserTests.VerifyRegisteringExistingUser'                                      
                                             Test Description: 'Verify registering an existing user'                                             
------------------------------------------------------------------------------------------------------------------------------------------------
[0m
[INFO ] 2023-09-05 09:41:49.270 [TestNG-test=LambadaEcommerce-FluentDesign-2] ReportManager - Target URL: "https://ecommerce-playground.lambdatest.io/index.php?route=account/register"
[INFO ] 2023-09-05 09:41:49.291 [TestNG-test=LambadaEcommerce-FluentDesign-2] ReportManager - Initial URL: "data:,"
[INFO ] 2023-09-05 09:41:52.669 [TestNG-test=LambadaEcommerce-FluentDesign-2] ReportManager - Navigate to url "https://ecommerce-playground.lambdatest.io/index.php?route=account/register".
[INFO ] 2023-09-05 09:41:52.670 [TestNG-test=LambadaEcommerce-FluentDesign-2] ReportManager - File Action "DoesFileExist" successfully performed. With the following test data "File Path: "src/test/resources/testDataFiles/RegisterUserTestData.json"".
[INFO ] 2023-09-05 09:41:52.671 [TestNG-test=LambadaEcommerce-FluentDesign-2] ReportManager - File Action "GetAbsolutePath" successfully performed. With the following test data "Relative Folder Path: "src/test/resources/testDataFiles/RegisterUserTestData.json"".
[INFO ] 2023-09-05 09:41:52.874 [TestNG-test=LambadaEcommerce-FluentDesign-2] ReportManager - Type "Mohamed" into "First Name".
[INFO ] 2023-09-05 09:41:52.875 [TestNG-test=LambadaEcommerce-FluentDesign-2] ReportManager - File Action "DoesFileExist" successfully performed. With the following test data "File Path: "src/test/resources/testDataFiles/RegisterUserTestData.json"".
[INFO ] 2023-09-05 09:41:52.876 [TestNG-test=LambadaEcommerce-FluentDesign-2] ReportManager - File Action "GetAbsolutePath" successfully performed. With the following test data "Relative Folder Path: "src/test/resources/testDataFiles/RegisterUserTestData.json"".
[INFO ] 2023-09-05 09:41:53.042 [TestNG-test=LambadaEcommerce-FluentDesign-2] ReportManager - Type "Ahmed" into "Last Name*".
[INFO ] 2023-09-05 09:41:53.211 [TestNG-test=LambadaEcommerce-FluentDesign-2] ReportManager - Type "johnDoe05092023094134850@gmail.com" into "E-Mail*".
[INFO ] 2023-09-05 09:41:53.212 [TestNG-test=LambadaEcommerce-FluentDesign-2] ReportManager - File Action "DoesFileExist" successfully performed. With the following test data "File Path: "src/test/resources/testDataFiles/RegisterUserTestData.json"".
[INFO ] 2023-09-05 09:41:53.213 [TestNG-test=LambadaEcommerce-FluentDesign-2] ReportManager - File Action "GetAbsolutePath" successfully performed. With the following test data "Relative Folder Path: "src/test/resources/testDataFiles/RegisterUserTestData.json"".
[INFO ] 2023-09-05 09:41:53.368 [TestNG-test=LambadaEcommerce-FluentDesign-2] ReportManager - Type "01129345877" into "Telephone*".
[INFO ] 2023-09-05 09:41:53.369 [TestNG-test=LambadaEcommerce-FluentDesign-2] ReportManager - File Action "DoesFileExist" successfully performed. With the following test data "File Path: "src/test/resources/testDataFiles/RegisterUserTestData.json"".
[INFO ] 2023-09-05 09:41:53.369 [TestNG-test=LambadaEcommerce-FluentDesign-2] ReportManager - File Action "GetAbsolutePath" successfully performed. With the following test data "Relative Folder Path: "src/test/resources/testDataFiles/RegisterUserTestData.json"".
[INFO ] 2023-09-05 09:41:53.523 [TestNG-test=LambadaEcommerce-FluentDesign-2] ReportManager - Type "tester123" into "Password*".
[INFO ] 2023-09-05 09:41:53.524 [TestNG-test=LambadaEcommerce-FluentDesign-2] ReportManager - File Action "DoesFileExist" successfully performed. With the following test data "File Path: "src/test/resources/testDataFiles/RegisterUserTestData.json"".
[INFO ] 2023-09-05 09:41:53.525 [TestNG-test=LambadaEcommerce-FluentDesign-2] ReportManager - File Action "GetAbsolutePath" successfully performed. With the following test data "Relative Folder Path: "src/test/resources/testDataFiles/RegisterUserTestData.json"".
[INFO ] 2023-09-05 09:41:53.666 [TestNG-test=LambadaEcommerce-FluentDesign-2] ReportManager - Type "tester123" into "Password Confirm*".
[INFO ] 2023-09-05 09:41:53.849 [TestNG-test=LambadaEcommerce-FluentDesign-2] ReportManager - Moved the mouse to the middle of the element.
[INFO ] 2023-09-05 09:41:53.950 [TestNG-test=LambadaEcommerce-FluentDesign-2] ReportManager - Click "By.xpath: //label[@for = 'input-newsletter-yes']".
[INFO ] 2023-09-05 09:41:54.144 [TestNG-test=LambadaEcommerce-FluentDesign-2] ReportManager - Moved the mouse to the middle of the element.
[INFO ] 2023-09-05 09:41:54.193 [TestNG-test=LambadaEcommerce-FluentDesign-2] ReportManager - Click "By.xpath: //label[@for = 'input-agree']".
[INFO ] 2023-09-05 09:41:54.396 [TestNG-test=LambadaEcommerce-FluentDesign-2] ReportManager - Moved the mouse to the middle of the element.
[INFO ] 2023-09-05 09:41:54.442 [TestNG-test=LambadaEcommerce-FluentDesign-2] ReportManager - Click "Continue".
[INFO ] 2023-09-05 09:41:54.444 [TestNG-test=LambadaEcommerce-FluentDesign-2] ReportManager - File Action "DoesFileExist" successfully performed. With the following test data "File Path: "src/test/resources/testDataFiles/RegisterUserTestData.json"".
[INFO ] 2023-09-05 09:41:54.444 [TestNG-test=LambadaEcommerce-FluentDesign-2] ReportManager - File Action "GetAbsolutePath" successfully performed. With the following test data "Relative Folder Path: "src/test/resources/testDataFiles/RegisterUserTestData.json"".
[INFO ] 2023-09-05 09:41:55.508 [TestNG-test=LambadaEcommerce-FluentDesign-2] ReportManager - Get text "Warning: E-Mail Address is already registered!" from "By.className: alert-danger".
[INFO ] 2023-09-05 09:41:55.509 [TestNG-test=LambadaEcommerce-FluentDesign-2] ReportManager - Expected "E-Mail Address is already registered", and actual "Warning: E-Mail Address is already registered!"
[INFO ] 2023-09-05 09:41:56.233 [TestNG-test=LambadaEcommerce-FluentDesign-2] ReportManager - Verification "ValidateElementAttribute" PASSED. Expected "Value Should be 'E-Mail Address is already registered' for the 'text' attribute, element locator 'By.className: alert-danger'" and Actual "Warning: E-Mail Address is already registered!". Comparison Type "CONTAINS". Validation Type "POSITIVE".
[INFO ] 2023-09-05 09:41:56.236 [TestNG-test=LambadaEcommerce-FluentDesign-2] ReportManager - Successfully created attachment 'Screenshot - 1693899715895_VerifyRegisteringExistingUser_ValidateElementAttribute_passed'
[INFO ] 2023-09-05 09:41:56.238 [TestNG-test=LambadaEcommerce-FluentDesign-2] ReportManager - Successfully created attachment 'SHAFT Engine Logs - Current Method log: setUp'
[INFO ] 2023-09-05 09:41:56.240 [TestNG-test=LambadaEcommerce-FluentDesign-2] ReportManager - Successfully created attachment 'SHAFT Engine Logs - Current Method log: VerifyRegisteringExistingUser'
[INFO ] 2023-09-05 09:41:56.243 [TestNG-test=LambadaEcommerce-FluentDesign-2] ReportManager - 
[0;7m------------------------------------------------------------------------------------------------------------------------------------------------
                                              Starting execution of tear down configuration method                                              
                                                       'tests.RegisterUserTests.tearDown'                                                       
------------------------------------------------------------------------------------------------------------------------------------------------
[0m
[INFO ] 2023-09-05 09:41:57.384 [TestNG-test=LambadaEcommerce-FluentDesign-2] ReportManager - Successfully Closed Driver.
[ERROR] 2023-09-05 09:41:57.390 [TestNG-test=LambadaEcommerce-FluentDesign-2] AllureLifecycle - Could not add attachment: no test is running
[INFO ] 2023-09-05 09:41:57.393 [TestNG-test=LambadaEcommerce-FluentDesign-2] ReportManager - Successfully created attachment 'SHAFT Engine Logs - Current Method log: tearDown'
[INFO ] 2023-09-05 09:41:57.412 [main] ReportManager - 
[0;7m------------------------------------------------------------------------------------------------------------------------------------------------
                                           Starting execution of engine teardown configuration method                                           
                                        'com.shaft.listeners.internal.ConfigurationHelper.engineTeardown'                                        
------------------------------------------------------------------------------------------------------------------------------------------------
[0m
[INFO ] 2023-09-05 09:41:57.415 [main] ReportManager - Successfully created attachment 'SHAFT Engine Logs - Execution log'
[INFO ] 2023-09-05 09:41:57.417 [main] ReportManager - File Action "DoesFileExist" successfully performed. With the following test data "File Path: "target/logs/log4j.log"".
[INFO ] 2023-09-05 09:41:57.418 [main] ReportManager - File Action "GetAbsolutePath" successfully performed. With the following test data "Relative Folder Path: "target/logs/log4j.log"".
